0 info it worked if it ends with ok
1 verbose cli [
1 verbose cli   '/usr/local/lib/node_modules/node/bin/node',
1 verbose cli   '/usr/local/bin/npm',
1 verbose cli   'run',
1 verbose cli   'build'
1 verbose cli ]
2 info using npm@6.11.3
3 info using node@v12.10.0
4 verbose run-script [ 'prebuild', 'build', 'postbuild' ]
5 info lifecycle pku_aimun_router@1.0.0~prebuild: pku_aimun_router@1.0.0
6 info lifecycle pku_aimun_router@1.0.0~build: pku_aimun_router@1.0.0
7 verbose lifecycle pku_aimun_router@1.0.0~build: unsafe-perm in lifecycle true
8 verbose lifecycle pku_aimun_router@1.0.0~build: PATH: /usr/local/lib/node_modules/npm/node_modules/npm-lifecycle/node-gyp-bin:/var/www/pku_aimun_router/node_modules/.bin:/usr/local/sbin:/usr/local/bin:/usr/sbin:/usr/bin:/sbin:/bin:/snap/bin
9 verbose lifecycle pku_aimun_router@1.0.0~build: CWD: /var/www/pku_aimun_router
10 silly lifecycle pku_aimun_router@1.0.0~build: Args: [ '-c', 'node build/build.js' ]
11 silly lifecycle pku_aimun_router@1.0.0~build: Returned: code: 137  signal: null
12 info lifecycle pku_aimun_router@1.0.0~build: Failed to exec build script
13 verbose stack Error: pku_aimun_router@1.0.0 build: `node build/build.js`
13 verbose stack Exit status 137
13 verbose stack     at EventEmitter.<anonymous> (/usr/local/lib/node_modules/npm/node_modules/npm-lifecycle/index.js:332:16)
13 verbose stack     at EventEmitter.emit (events.js:209:13)
13 verbose stack     at ChildProcess.<anonymous> (/usr/local/lib/node_modules/npm/node_modules/npm-lifecycle/lib/spawn.js:55:14)
13 verbose stack     at ChildProcess.emit (events.js:209:13)
13 verbose stack     at maybeClose (internal/child_process.js:1021:16)
13 verbose stack     at Process.ChildProcess._handle.onexit (internal/child_process.js:283:5)
14 verbose pkgid pku_aimun_router@1.0.0
15 verbose cwd /var/www/pku_aimun_router
16 verbose Linux 4.15.0-54-generic
17 verbose argv "/usr/local/lib/node_modules/node/bin/node" "/usr/local/bin/npm" "run" "build"
18 verbose node v12.10.0
19 verbose npm  v6.11.3
20 error code ELIFECYCLE
21 error errno 137
22 error pku_aimun_router@1.0.0 build: `node build/build.js`
22 error Exit status 137
23 error Failed at the pku_aimun_router@1.0.0 build script.
23 error This is probably not a problem with npm. There is likely additional logging output above.
24 verbose exit [ 137, true ]
